==1176== Memcheck, a memory error detector
==1176== Copyright (C) 2002-2017, and GNU GPL'd, by Julian Seward et al.
==1176== Using Valgrind-3.15.0-608cb11914-20190413 and LibVEX; rerun with -h for copyright info
==1176== Command: ./a.out tests/t_error02.c
==1176== Parent PID: 9
==1176== 
--1176-- 
--1176-- Valgrind options:
--1176--    -v
--1176--    --tool=memcheck
--1176--    --leak-check=full
--1176--    --show-leak-kinds=all
--1176--    --track-origins=yes
--1176--    --log-file=logfile.out
--1176-- Contents of /proc/version:
--1176--   Linux version 5.4.72-microsoft-standard-WSL2 (oe-user@oe-host) (gcc version 8.2.0 (GCC)) #1 SMP Wed Oct 28 23:40:43 UTC 2020
--1176-- 
--1176-- Arch and hwcaps: AMD64, LittleEndian, amd64-cx16-lzcnt-rdtscp-sse3-ssse3-avx-avx2-bmi-f16c-rdrand
--1176-- Page sizes: currently 4096, max supported 4096
--1176-- Valgrind library directory: /usr/lib/x86_64-linux-gnu/valgrind
--1176-- Reading syms from /home/iannery/Documents/Tradutores/lexico/a.out
--1176-- Reading syms from /usr/lib/x86_64-linux-gnu/ld-2.31.so
--1176--   Considering /usr/lib/x86_64-linux-gnu/ld-2.31.so ..
--1176--   .. CRC mismatch (computed 975d0390 wanted 30bd717f)
--1176--   Considering /lib/x86_64-linux-gnu/ld-2.31.so ..
--1176--   .. CRC mismatch (computed 975d0390 wanted 30bd717f)
--1176--   Considering /usr/lib/debug/lib/x86_64-linux-gnu/ld-2.31.so ..
--1176--   .. CRC is valid
--1176-- Reading syms from /usr/lib/x86_64-linux-gnu/valgrind/memcheck-amd64-linux
--1176--    object doesn't have a symbol table
--1176--    object doesn't have a dynamic symbol table
--1176-- Scheduler: using generic scheduler lock implementation.
--1176-- Reading suppressions file: /usr/lib/x86_64-linux-gnu/valgrind/default.supp
==1176== embedded gdbserver: reading from /tmp/vgdb-pipe-from-vgdb-to-1176-by-iannery-on-???
==1176== embedded gdbserver: writing to   /tmp/vgdb-pipe-to-vgdb-from-1176-by-iannery-on-???
==1176== embedded gdbserver: shared mem   /tmp/vgdb-pipe-shared-mem-vgdb-1176-by-iannery-on-???
==1176== 
==1176== TO CONTROL THIS PROCESS USING vgdb (which you probably
==1176== don't want to do, unless you know exactly what you're doing,
==1176== or are doing some strange experiment):
==1176==   /usr/lib/x86_64-linux-gnu/valgrind/../../bin/vgdb --pid=1176 ...command...
==1176== 
==1176== TO DEBUG THIS PROCESS USING GDB: start GDB like this
==1176==   /path/to/gdb ./a.out
==1176== and then give GDB the following command
==1176==   target remote | /usr/lib/x86_64-linux-gnu/valgrind/../../bin/vgdb --pid=1176
==1176== --pid is optional if only one valgrind process is running
==1176== 
--1176-- REDIR: 0x4022e10 (ld-linux-x86-64.so.2:strlen) redirected to 0x580c9ce2 (???)
--1176-- REDIR: 0x4022be0 (ld-linux-x86-64.so.2:index) redirected to 0x580c9cfc (???)
--1176-- Reading syms from /usr/lib/x86_64-linux-gnu/valgrind/vgpreload_core-amd64-linux.so
--1176--    object doesn't have a symbol table
--1176-- Reading syms from /usr/lib/x86_64-linux-gnu/valgrind/vgpreload_memcheck-amd64-linux.so
--1176--    object doesn't have a symbol table
==1176== WARNING: new redirection conflicts with existing -- ignoring it
--1176--     old: 0x04022e10 (strlen              ) R-> (0000.0) 0x580c9ce2 ???
--1176--     new: 0x04022e10 (strlen              ) R-> (2007.0) 0x0483f060 strlen
--1176-- REDIR: 0x401f5f0 (ld-linux-x86-64.so.2:strcmp) redirected to 0x483ffd0 (strcmp)
--1176-- REDIR: 0x4023370 (ld-linux-x86-64.so.2:mempcpy) redirected to 0x4843a20 (mempcpy)
--1176-- Reading syms from /usr/lib/x86_64-linux-gnu/libc-2.31.so
--1176--   Considering /usr/lib/x86_64-linux-gnu/libc-2.31.so ..
--1176--   .. CRC mismatch (computed 86b78530 wanted e380f01c)
--1176--   Considering /lib/x86_64-linux-gnu/libc-2.31.so ..
--1176--   .. CRC mismatch (computed 86b78530 wanted e380f01c)
--1176--   Considering /usr/lib/debug/lib/x86_64-linux-gnu/libc-2.31.so ..
--1176--   .. CRC is valid
--1176-- REDIR: 0x48f5600 (libc.so.6:memmove) redirected to 0x48311d0 (_vgnU_ifunc_wrapper)
--1176-- REDIR: 0x48f4900 (libc.so.6:strncpy) redirected to 0x48311d0 (_vgnU_ifunc_wrapper)
--1176-- REDIR: 0x48f5930 (libc.so.6:strcasecmp) redirected to 0x48311d0 (_vgnU_ifunc_wrapper)
--1176-- REDIR: 0x48f4220 (libc.so.6:strcat) redirected to 0x48311d0 (_vgnU_ifunc_wrapper)
--1176-- REDIR: 0x48f4960 (libc.so.6:rindex) redirected to 0x48311d0 (_vgnU_ifunc_wrapper)
--1176-- REDIR: 0x48f6dd0 (libc.so.6:rawmemchr) redirected to 0x48311d0 (_vgnU_ifunc_wrapper)
--1176-- REDIR: 0x4911e60 (libc.so.6:wmemchr) redirected to 0x48311d0 (_vgnU_ifunc_wrapper)
--1176-- REDIR: 0x49119a0 (libc.so.6:wcscmp) redirected to 0x48311d0 (_vgnU_ifunc_wrapper)
--1176-- REDIR: 0x48f5760 (libc.so.6:mempcpy) redirected to 0x48311d0 (_vgnU_ifunc_wrapper)
--1176-- REDIR: 0x48f5590 (libc.so.6:bcmp) redirected to 0x48311d0 (_vgnU_ifunc_wrapper)
--1176-- REDIR: 0x48f4890 (libc.so.6:strncmp) redirected to 0x48311d0 (_vgnU_ifunc_wrapper)
--1176-- REDIR: 0x48f42d0 (libc.so.6:strcmp) redirected to 0x48311d0 (_vgnU_ifunc_wrapper)
--1176-- REDIR: 0x48f56c0 (libc.so.6:memset) redirected to 0x48311d0 (_vgnU_ifunc_wrapper)
--1176-- REDIR: 0x4911960 (libc.so.6:wcschr) redirected to 0x48311d0 (_vgnU_ifunc_wrapper)
--1176-- REDIR: 0x48f47f0 (libc.so.6:strnlen) redirected to 0x48311d0 (_vgnU_ifunc_wrapper)
--1176-- REDIR: 0x48f43b0 (libc.so.6:strcspn) redirected to 0x48311d0 (_vgnU_ifunc_wrapper)
--1176-- REDIR: 0x48f5980 (libc.so.6:strncasecmp) redirected to 0x48311d0 (_vgnU_ifunc_wrapper)
--1176-- REDIR: 0x48f4350 (libc.so.6:strcpy) redirected to 0x48311d0 (_vgnU_ifunc_wrapper)
--1176-- REDIR: 0x48f5ad0 (libc.so.6:memcpy@@GLIBC_2.14) redirected to 0x48311d0 (_vgnU_ifunc_wrapper)
--1176-- REDIR: 0x49130d0 (libc.so.6:wcsnlen) redirected to 0x48311d0 (_vgnU_ifunc_wrapper)
--1176-- REDIR: 0x49119e0 (libc.so.6:wcscpy) redirected to 0x48311d0 (_vgnU_ifunc_wrapper)
--1176-- REDIR: 0x48f49a0 (libc.so.6:strpbrk) redirected to 0x48311d0 (_vgnU_ifunc_wrapper)
--1176-- REDIR: 0x48f4280 (libc.so.6:index) redirected to 0x48311d0 (_vgnU_ifunc_wrapper)
--1176-- REDIR: 0x48f47b0 (libc.so.6:strlen) redirected to 0x48311d0 (_vgnU_ifunc_wrapper)
--1176-- REDIR: 0x48fdd20 (libc.so.6:memrchr) redirected to 0x48311d0 (_vgnU_ifunc_wrapper)
--1176-- REDIR: 0x48f59d0 (libc.so.6:strcasecmp_l) redirected to 0x48311d0 (_vgnU_ifunc_wrapper)
--1176-- REDIR: 0x48f5550 (libc.so.6:memchr) redirected to 0x48311d0 (_vgnU_ifunc_wrapper)
--1176-- REDIR: 0x4911ab0 (libc.so.6:wcslen) redirected to 0x48311d0 (_vgnU_ifunc_wrapper)
--1176-- REDIR: 0x48f4c60 (libc.so.6:strspn) redirected to 0x48311d0 (_vgnU_ifunc_wrapper)
--1176-- REDIR: 0x48f58d0 (libc.so.6:stpncpy) redirected to 0x48311d0 (_vgnU_ifunc_wrapper)
--1176-- REDIR: 0x48f5870 (libc.so.6:stpcpy) redirected to 0x48311d0 (_vgnU_ifunc_wrapper)
--1176-- REDIR: 0x48f6e10 (libc.so.6:strchrnul) redirected to 0x48311d0 (_vgnU_ifunc_wrapper)
--1176-- REDIR: 0x48f5a20 (libc.so.6:strncasecmp_l) redirected to 0x48311d0 (_vgnU_ifunc_wrapper)
--1176-- REDIR: 0x49dd490 (libc.so.6:__strrchr_avx2) redirected to 0x483ea10 (rindex)
--1176-- REDIR: 0x48ef260 (libc.so.6:malloc) redirected to 0x483b780 (malloc)
--1176-- REDIR: 0x48f5120 (libc.so.6:__GI_strstr) redirected to 0x4843ca0 (__strstr_sse2)
--1176-- REDIR: 0x49e0af0 (libc.so.6:__memset_avx2_unaligned_erms) redirected to 0x48428e0 (memset)
--1176-- REDIR: 0x49dd2a0 (libc.so.6:__strchrnul_avx2) redirected to 0x4843540 (strchrnul)
--1176-- REDIR: 0x49e0650 (libc.so.6:__mempcpy_avx_unaligned_erms) redirected to 0x4843660 (mempcpy)
--1176-- REDIR: 0x49dd660 (libc.so.6:__strlen_avx2) redirected to 0x483ef40 (strlen)
--1176-- REDIR: 0x48ef850 (libc.so.6:free) redirected to 0x483c9d0 (free)
==1176== 
==1176== HEAP SUMMARY:
==1176==     in use at exit: 0 bytes in 0 blocks
==1176==   total heap usage: 6 allocs, 6 frees, 22,050 bytes allocated
==1176== 
==1176== All heap blocks were freed -- no leaks are possible
==1176== 
==1176== ERROR SUMMARY: 0 errors from 0 contexts (suppressed: 0 from 0)
