==2009== Memcheck, a memory error detector
==2009== Copyright (C) 2002-2017, and GNU GPL'd, by Julian Seward et al.
==2009== Using Valgrind-3.15.0-608cb11914-20190413 and LibVEX; rerun with -h for copyright info
==2009== Command: ./a.out tests/t_correct01.c
==2009== Parent PID: 2008
==2009== 
--2009-- 
--2009-- Valgrind options:
--2009--    -v
--2009--    --tool=memcheck
--2009--    --leak-check=full
--2009--    --log-file=logfile.out
--2009--    --show-leak-kinds=all
--2009--    --track-origins=yes
--2009-- Contents of /proc/version:
--2009--   Linux version 5.4.72-microsoft-standard-WSL2 (oe-user@oe-host) (gcc version 8.2.0 (GCC)) #1 SMP Wed Oct 28 23:40:43 UTC 2020
--2009-- 
--2009-- Arch and hwcaps: AMD64, LittleEndian, amd64-cx16-lzcnt-rdtscp-sse3-ssse3-avx-avx2-bmi-f16c-rdrand
--2009-- Page sizes: currently 4096, max supported 4096
--2009-- Valgrind library directory: /usr/lib/x86_64-linux-gnu/valgrind
--2009-- Reading syms from /home/iannery/Documents/Tradutores/IANTRAB/sintatico/a.out
--2009-- Reading syms from /usr/lib/x86_64-linux-gnu/ld-2.31.so
--2009--   Considering /usr/lib/x86_64-linux-gnu/ld-2.31.so ..
--2009--   .. CRC mismatch (computed 975d0390 wanted 30bd717f)
--2009--   Considering /lib/x86_64-linux-gnu/ld-2.31.so ..
--2009--   .. CRC mismatch (computed 975d0390 wanted 30bd717f)
--2009--   Considering /usr/lib/debug/lib/x86_64-linux-gnu/ld-2.31.so ..
--2009--   .. CRC is valid
--2009-- Reading syms from /usr/lib/x86_64-linux-gnu/valgrind/memcheck-amd64-linux
--2009--    object doesn't have a symbol table
--2009--    object doesn't have a dynamic symbol table
--2009-- Scheduler: using generic scheduler lock implementation.
--2009-- Reading suppressions file: /usr/lib/x86_64-linux-gnu/valgrind/default.supp
==2009== embedded gdbserver: reading from /tmp/vgdb-pipe-from-vgdb-to-2009-by-iannery-on-???
==2009== embedded gdbserver: writing to   /tmp/vgdb-pipe-to-vgdb-from-2009-by-iannery-on-???
==2009== embedded gdbserver: shared mem   /tmp/vgdb-pipe-shared-mem-vgdb-2009-by-iannery-on-???
==2009== 
==2009== TO CONTROL THIS PROCESS USING vgdb (which you probably
==2009== don't want to do, unless you know exactly what you're doing,
==2009== or are doing some strange experiment):
==2009==   /usr/lib/x86_64-linux-gnu/valgrind/../../bin/vgdb --pid=2009 ...command...
==2009== 
==2009== TO DEBUG THIS PROCESS USING GDB: start GDB like this
==2009==   /path/to/gdb ./a.out
==2009== and then give GDB the following command
==2009==   target remote | /usr/lib/x86_64-linux-gnu/valgrind/../../bin/vgdb --pid=2009
==2009== --pid is optional if only one valgrind process is running
==2009== 
--2009-- REDIR: 0x4022e10 (ld-linux-x86-64.so.2:strlen) redirected to 0x580c9ce2 (???)
--2009-- REDIR: 0x4022be0 (ld-linux-x86-64.so.2:index) redirected to 0x580c9cfc (???)
--2009-- Reading syms from /usr/lib/x86_64-linux-gnu/valgrind/vgpreload_core-amd64-linux.so
--2009--    object doesn't have a symbol table
--2009-- Reading syms from /usr/lib/x86_64-linux-gnu/valgrind/vgpreload_memcheck-amd64-linux.so
--2009--    object doesn't have a symbol table
==2009== WARNING: new redirection conflicts with existing -- ignoring it
--2009--     old: 0x04022e10 (strlen              ) R-> (0000.0) 0x580c9ce2 ???
--2009--     new: 0x04022e10 (strlen              ) R-> (2007.0) 0x0483f060 strlen
--2009-- REDIR: 0x401f5f0 (ld-linux-x86-64.so.2:strcmp) redirected to 0x483ffd0 (strcmp)
--2009-- REDIR: 0x4023370 (ld-linux-x86-64.so.2:mempcpy) redirected to 0x4843a20 (mempcpy)
--2009-- Reading syms from /usr/lib/x86_64-linux-gnu/libc-2.31.so
--2009--   Considering /usr/lib/x86_64-linux-gnu/libc-2.31.so ..
--2009--   .. CRC mismatch (computed 86b78530 wanted e380f01c)
--2009--   Considering /lib/x86_64-linux-gnu/libc-2.31.so ..
--2009--   .. CRC mismatch (computed 86b78530 wanted e380f01c)
--2009--   Considering /usr/lib/debug/lib/x86_64-linux-gnu/libc-2.31.so ..
--2009--   .. CRC is valid
--2009-- REDIR: 0x48f6600 (libc.so.6:memmove) redirected to 0x48311d0 (_vgnU_ifunc_wrapper)
--2009-- REDIR: 0x48f5900 (libc.so.6:strncpy) redirected to 0x48311d0 (_vgnU_ifunc_wrapper)
--2009-- REDIR: 0x48f6930 (libc.so.6:strcasecmp) redirected to 0x48311d0 (_vgnU_ifunc_wrapper)
--2009-- REDIR: 0x48f5220 (libc.so.6:strcat) redirected to 0x48311d0 (_vgnU_ifunc_wrapper)
--2009-- REDIR: 0x48f5960 (libc.so.6:rindex) redirected to 0x48311d0 (_vgnU_ifunc_wrapper)
--2009-- REDIR: 0x48f7dd0 (libc.so.6:rawmemchr) redirected to 0x48311d0 (_vgnU_ifunc_wrapper)
--2009-- REDIR: 0x4912e60 (libc.so.6:wmemchr) redirected to 0x48311d0 (_vgnU_ifunc_wrapper)
--2009-- REDIR: 0x49129a0 (libc.so.6:wcscmp) redirected to 0x48311d0 (_vgnU_ifunc_wrapper)
--2009-- REDIR: 0x48f6760 (libc.so.6:mempcpy) redirected to 0x48311d0 (_vgnU_ifunc_wrapper)
--2009-- REDIR: 0x48f6590 (libc.so.6:bcmp) redirected to 0x48311d0 (_vgnU_ifunc_wrapper)
--2009-- REDIR: 0x48f5890 (libc.so.6:strncmp) redirected to 0x48311d0 (_vgnU_ifunc_wrapper)
--2009-- REDIR: 0x48f52d0 (libc.so.6:strcmp) redirected to 0x48311d0 (_vgnU_ifunc_wrapper)
--2009-- REDIR: 0x48f66c0 (libc.so.6:memset) redirected to 0x48311d0 (_vgnU_ifunc_wrapper)
--2009-- REDIR: 0x4912960 (libc.so.6:wcschr) redirected to 0x48311d0 (_vgnU_ifunc_wrapper)
--2009-- REDIR: 0x48f57f0 (libc.so.6:strnlen) redirected to 0x48311d0 (_vgnU_ifunc_wrapper)
--2009-- REDIR: 0x48f53b0 (libc.so.6:strcspn) redirected to 0x48311d0 (_vgnU_ifunc_wrapper)
--2009-- REDIR: 0x48f6980 (libc.so.6:strncasecmp) redirected to 0x48311d0 (_vgnU_ifunc_wrapper)
--2009-- REDIR: 0x48f5350 (libc.so.6:strcpy) redirected to 0x48311d0 (_vgnU_ifunc_wrapper)
--2009-- REDIR: 0x48f6ad0 (libc.so.6:memcpy@@GLIBC_2.14) redirected to 0x48311d0 (_vgnU_ifunc_wrapper)
--2009-- REDIR: 0x49140d0 (libc.so.6:wcsnlen) redirected to 0x48311d0 (_vgnU_ifunc_wrapper)
--2009-- REDIR: 0x49129e0 (libc.so.6:wcscpy) redirected to 0x48311d0 (_vgnU_ifunc_wrapper)
--2009-- REDIR: 0x48f59a0 (libc.so.6:strpbrk) redirected to 0x48311d0 (_vgnU_ifunc_wrapper)
--2009-- REDIR: 0x48f5280 (libc.so.6:index) redirected to 0x48311d0 (_vgnU_ifunc_wrapper)
--2009-- REDIR: 0x48f57b0 (libc.so.6:strlen) redirected to 0x48311d0 (_vgnU_ifunc_wrapper)
--2009-- REDIR: 0x48fed20 (libc.so.6:memrchr) redirected to 0x48311d0 (_vgnU_ifunc_wrapper)
--2009-- REDIR: 0x48f69d0 (libc.so.6:strcasecmp_l) redirected to 0x48311d0 (_vgnU_ifunc_wrapper)
--2009-- REDIR: 0x48f6550 (libc.so.6:memchr) redirected to 0x48311d0 (_vgnU_ifunc_wrapper)
--2009-- REDIR: 0x4912ab0 (libc.so.6:wcslen) redirected to 0x48311d0 (_vgnU_ifunc_wrapper)
--2009-- REDIR: 0x48f5c60 (libc.so.6:strspn) redirected to 0x48311d0 (_vgnU_ifunc_wrapper)
--2009-- REDIR: 0x48f68d0 (libc.so.6:stpncpy) redirected to 0x48311d0 (_vgnU_ifunc_wrapper)
--2009-- REDIR: 0x48f6870 (libc.so.6:stpcpy) redirected to 0x48311d0 (_vgnU_ifunc_wrapper)
--2009-- REDIR: 0x48f7e10 (libc.so.6:strchrnul) redirected to 0x48311d0 (_vgnU_ifunc_wrapper)
--2009-- REDIR: 0x48f6a20 (libc.so.6:strncasecmp_l) redirected to 0x48311d0 (_vgnU_ifunc_wrapper)
--2009-- REDIR: 0x49de490 (libc.so.6:__strrchr_avx2) redirected to 0x483ea10 (rindex)
--2009-- REDIR: 0x48f0260 (libc.so.6:malloc) redirected to 0x483b780 (malloc)
--2009-- REDIR: 0x48f6120 (libc.so.6:__GI_strstr) redirected to 0x4843ca0 (__strstr_sse2)
--2009-- REDIR: 0x49e1af0 (libc.so.6:__memset_avx2_unaligned_erms) redirected to 0x48428e0 (memset)
--2009-- REDIR: 0x49dfba0 (libc.so.6:__strcpy_avx2) redirected to 0x483f090 (strcpy)
--2009-- REDIR: 0x49deb20 (libc.so.6:__strcat_avx2) redirected to 0x483ec20 (strcat)
--2009-- REDIR: 0x49d9b60 (libc.so.6:__strcmp_avx2) redirected to 0x483fed0 (strcmp)
--2009-- REDIR: 0x49de2a0 (libc.so.6:__strchrnul_avx2) redirected to 0x4843540 (strchrnul)
--2009-- REDIR: 0x49e1650 (libc.so.6:__mempcpy_avx_unaligned_erms) redirected to 0x4843660 (mempcpy)
--2009-- REDIR: 0x48f0850 (libc.so.6:free) redirected to 0x483c9d0 (free)
--2009-- REDIR: 0x49de660 (libc.so.6:__strlen_avx2) redirected to 0x483ef40 (strlen)
==2009== 
==2009== HEAP SUMMARY:
==2009==     in use at exit: 0 bytes in 0 blocks
==2009==   total heap usage: 497 allocs, 497 frees, 646,938 bytes allocated
==2009== 
==2009== All heap blocks were freed -- no leaks are possible
==2009== 
==2009== ERROR SUMMARY: 0 errors from 0 contexts (suppressed: 0 from 0)
